2018-05-17T12:08:32.709Z [Block #14] contractCounter = 14
2018-05-17T12:08:32.710Z [Block #14] LastBenefactorsLength = 1
2018-05-17T12:08:32.710Z [Block #14] LastBenefactors0 = 0x6546ED725E88FA728A908f9EE9d61f50edc40Ad6
2018-05-17T12:08:32.710Z [Block #14] LastKind0 = 0
2018-05-17T12:08:32.711Z [Block #14] userBalances = 
Validator1
    mining: 0
    payout: 110
Validator2
    mining: 0
    payout: 30
Vault
    address: 70

2018-05-17T12:08:37.737Z [Block #15] contractCounter = 15
2018-05-17T12:08:37.737Z [Block #15] LastBenefactorsLength = 1
2018-05-17T12:08:37.738Z [Block #15] LastBenefactors0 = 0x1A22D96792666863f429A85623E6d4CA173D26ab
2018-05-17T12:08:37.738Z [Block #15] LastKind0 = 0
2018-05-17T12:08:37.738Z [Block #15] userBalances = 
Validator1
    mining: 0
    payout: 110
Validator2
    mining: 0
    payout: 40
Vault
    address: 75

2018-05-17T12:08:42.761Z [Block #16] contractCounter = 16
2018-05-17T12:08:42.761Z [Block #16] LastBenefactorsLength = 1
2018-05-17T12:08:42.761Z [Block #16] LastBenefactors0 = 0x6546ED725E88FA728A908f9EE9d61f50edc40Ad6
2018-05-17T12:08:42.762Z [Block #16] LastKind0 = 0
2018-05-17T12:08:42.762Z [Block #16] userBalances = 
Validator1
    mining: 0
    payout: 120
Validator2
    mining: 0
    payout: 40
Vault
    address: 80

2018-05-17T12:08:47.790Z [Block #17] contractCounter = 17
2018-05-17T12:08:47.790Z [Block #17] LastBenefactorsLength = 1
2018-05-17T12:08:47.791Z [Block #17] LastBenefactors0 = 0x1A22D96792666863f429A85623E6d4CA173D26ab
2018-05-17T12:08:47.791Z [Block #17] LastKind0 = 0
2018-05-17T12:08:47.791Z [Block #17] userBalances = 
Validator1
    mining: 0
    payout: 120
Validator2
    mining: 0
    payout: 50
Vault
    address: 85

2018-05-17T12:08:52.823Z [Block #18] contractCounter = 18
2018-05-17T12:08:52.823Z [Block #18] LastBenefactorsLength = 1
2018-05-17T12:08:52.824Z [Block #18] LastBenefactors0 = 0x6546ED725E88FA728A908f9EE9d61f50edc40Ad6
2018-05-17T12:08:52.824Z [Block #18] LastKind0 = 0
2018-05-17T12:08:52.824Z [Block #18] userBalances = 
Validator1
    mining: 0
    payout: 130
Validator2
    mining: 0
    payout: 50
Vault
    address: 90

2018-05-17T12:08:57.846Z [Block #19] contractCounter = 19
2018-05-17T12:08:57.846Z [Block #19] LastBenefactorsLength = 1
2018-05-17T12:08:57.847Z [Block #19] LastBenefactors0 = 0x1A22D96792666863f429A85623E6d4CA173D26ab
2018-05-17T12:08:57.847Z [Block #19] LastKind0 = 0
2018-05-17T12:08:57.847Z [Block #19] userBalances = 
Validator1
    mining: 0
    payout: 130
Validator2
    mining: 0
    payout: 60
Vault
    address: 95
